Using pre-set license
Built from '2021.3/staging' branch; Version is '2021.3.15f1 (e8e88683f834) revision 15263878'; Using compiler version '192829333'; Build Type 'Release'
OS: 'Windows 10  (10.0.19045) 64bit Professional' Language: 'ru' Physical Memory: 16337 MB
BatchMode: 1, IsHumanControllingUs: 0, StartBugReporterOnCrash: 0, Is64bit: 1, IsPro: 1

COMMAND LINE ARGUMENTS:
D:\unity\2021.3.15f1\Editor\Unity.exe
-adb2
-batchMode
-noUpm
-name
AssetImportWorker0
-projectPath
C:/Users/KARP/Documents/GitHub/Slow-Venicles/source
-logFile
Logs/AssetImportWorker0.log
-srvPort
58957
Successfully changed project path to: C:/Users/KARP/Documents/GitHub/Slow-Venicles/source
C:/Users/KARP/Documents/GitHub/Slow-Venicles/source
[UnityMemory] Configuration Parameters - Can be set up in boot.config
    "memorysetup-bucket-allocator-granularity=16"
    "memorysetup-bucket-allocator-bucket-count=8"
    "memorysetup-bucket-allocator-block-size=33554432"
    "memorysetup-bucket-allocator-block-count=8"
    "memorysetup-main-allocator-block-size=16777216"
    "memorysetup-thread-allocator-block-size=16777216"
    "memorysetup-gfx-main-allocator-block-size=16777216"
    "memorysetup-gfx-thread-allocator-block-size=16777216"
    "memorysetup-cache-allocator-block-size=4194304"
    "memorysetup-typetree-allocator-block-size=2097152"
    "memorysetup-profiler-bucket-allocator-granularity=16"
    "memorysetup-profiler-bucket-allocator-bucket-count=8"
    "memorysetup-profiler-bucket-allocator-block-size=33554432"
    "memorysetup-profiler-bucket-allocator-block-count=8"
    "memorysetup-profiler-allocator-block-size=16777216"
    "memorysetup-profiler-editor-allocator-block-size=1048576"
    "memorysetup-temp-allocator-size-main=16777216"
    "memorysetup-job-temp-allocator-block-size=2097152"
    "memorysetup-job-temp-allocator-block-size-background=1048576"
    "memorysetup-job-temp-allocator-reduction-small-platforms=262144"
    "memorysetup-temp-allocator-size-background-worker=32768"
    "memorysetup-temp-allocator-size-job-worker=262144"
    "memorysetup-temp-allocator-size-preload-manager=33554432"
    "memorysetup-temp-allocator-size-nav-mesh-worker=65536"
    "memorysetup-temp-allocator-size-audio-worker=65536"
    "memorysetup-temp-allocator-size-cloud-worker=32768"
    "memorysetup-temp-allocator-size-gi-baking-worker=262144"
    "memorysetup-temp-allocator-size-gfx=262144"
Player connection [18472] Host "[IP] 192.168.0.58 [Port] 0 [Flags] 2 [Guid] 64980883 [EditorId] 64980883 [Version] 1048832 [Id] WindowsEditor(7,Krpfsh) [Debug] 1 [PackageName] WindowsEditor [ProjectName] Editor" joined multi-casting on [225.0.0.222:54997]...

Player connection [18472] Host "[IP] 192.168.0.58 [Port] 0 [Flags] 2 [Guid] 64980883 [EditorId] 64980883 [Version] 1048832 [Id] WindowsEditor(7,Krpfsh) [Debug] 1 [PackageName] WindowsEditor [ProjectName] Editor" joined alternative multi-casting on [225.0.0.222:34997]...

Refreshing native plugins compatible for Editor in 82.71 ms, found 3 plugins.
Preloading 0 native plugins for Editor in 0.00 ms.
Initialize engine version: 2021.3.15f1 (e8e88683f834)
[Subsystems] Discovering subsystems at path D:/unity/2021.3.15f1/Editor/Data/Resources/UnitySubsystems
[Subsystems] Discovering subsystems at path C:/Users/KARP/Documents/GitHub/Slow-Venicles/source/Assets
GfxDevice: creating device client; threaded=0; jobified=0
Direct3D:
    Version:  Direct3D 11.0 [level 11.1]
    Renderer: NVIDIA GeForce GTX 1080 (ID=0x1b80)
    Vendor:   NVIDIA
    VRAM:     8073 MB
    Driver:   31.0.15.4592
Initialize mono
Mono path[0] = 'D:/unity/2021.3.15f1/Editor/Data/Managed'
Mono path[1] = 'D:/unity/2021.3.15f1/Editor/Data/MonoBleedingEdge/lib/mono/unityjit-win32'
Mono config path = 'D:/unity/2021.3.15f1/Editor/Data/MonoBleedingEdge/etc'
Using monoOptions --debugger-agent=transport=dt_socket,embedding=1,server=y,suspend=n,address=127.0.0.1:56936
Begin MonoManager ReloadAssembly
Registering precompiled unity dll's ...
Register platform support module: D:/unity/2021.3.15f1/Editor/Data/PlaybackEngines/WebGLSupport/UnityEditor.WebGL.Extensions.dll
Register platform support module: D:/unity/2021.3.15f1/Editor/Data/PlaybackEngines/AndroidPlayer/UnityEditor.Android.Extensions.dll
Register platform support module: D:/unity/2021.3.15f1/Editor/Data/PlaybackEngines/WindowsStandaloneSupport/UnityEditor.WindowsStandalone.Extensions.dll
Registered in 0.003997 seconds.
Native extension for WindowsStandalone target not found
Native extension for Android target not found
Native extension for WebGL target not found
Refreshing native plugins compatible for Editor in 78.59 ms, found 3 plugins.
Preloading 0 native plugins for Editor in 0.00 ms.
Mono: successfully reloaded assembly
- Completed reload, in  0.589 seconds
Domain Reload Profiling:
	ReloadAssembly (589ms)
		BeginReloadAssembly (82ms)
			ExecutionOrderSort (0ms)
			DisableScriptedObjects (0ms)
			BackupInstance (0ms)
			ReleaseScriptingObjects (0ms)
			CreateAndSetChildDomain (1ms)
		EndReloadAssembly (417ms)
			LoadAssemblies (82ms)
			RebuildTransferFunctionScriptingTraits (0ms)
			SetupTypeCache (99ms)
			ReleaseScriptCaches (0ms)
			RebuildScriptCaches (27ms)
			SetupLoadedEditorAssemblies (249ms)
				LogAssemblyErrors (0ms)
				InitializePlatformSupportModulesInManaged (47ms)
				SetLoadedEditorAssemblies (0ms)
				RefreshPlugins (79ms)
				BeforeProcessingInitializeOnLoad (1ms)
				ProcessInitializeOnLoadAttributes (84ms)
				ProcessInitializeOnLoadMethodAttributes (38ms)
				AfterProcessingInitializeOnLoad (0ms)
				EditorAssembliesLoaded (0ms)
			ExecutionOrderSort2 (0ms)
			AwakeInstancesAfterBackupRestoration (0ms)
Platform modules already initialized, skipping
Registering precompiled user dll's ...
Registered in 0.006920 seconds.
Begin MonoManager ReloadAssembly
Symbol file LoadedFromMemory doesn't match image C:\Users\KARP\Documents\GitHub\Slow-Venicles\source\Library\PackageCache\com.unity.visualscripting@1.7.8\Editor\VisualScripting.Core\Dependencies\YamlDotNet\Unity.VisualScripting.YamlDotNet.dll
Symbol file LoadedFromMemory doesn't match image C:\Users\KARP\Documents\GitHub\Slow-Venicles\source\Library\PackageCache\com.unity.visualscripting@1.7.8\Editor\VisualScripting.Core\Dependencies\DotNetZip\Unity.VisualScripting.IonicZip.dll
Native extension for WindowsStandalone target not found
Native extension for Android target not found
Native extension for WebGL target not found
Refreshing native plugins compatible for Editor in 0.47 ms, found 3 plugins.
Preloading 0 native plugins for Editor in 0.00 ms.
Mono: successfully reloaded assembly
- Completed reload, in  1.041 seconds
Domain Reload Profiling:
	ReloadAssembly (1042ms)
		BeginReloadAssembly (225ms)
			ExecutionOrderSort (0ms)
			DisableScriptedObjects (5ms)
			BackupInstance (0ms)
			ReleaseScriptingObjects (0ms)
			CreateAndSetChildDomain (130ms)
		EndReloadAssembly (719ms)
			LoadAssemblies (90ms)
			RebuildTransferFunctionScriptingTraits (0ms)
			SetupTypeCache (254ms)
			ReleaseScriptCaches (1ms)
			RebuildScriptCaches (44ms)
			SetupLoadedEditorAssemblies (313ms)
				LogAssemblyErrors (0ms)
				InitializePlatformSupportModulesInManaged (12ms)
				SetLoadedEditorAssemblies (0ms)
				RefreshPlugins (1ms)
				BeforeProcessingInitializeOnLoad (78ms)
				ProcessInitializeOnLoadAttributes (199ms)
				ProcessInitializeOnLoadMethodAttributes (20ms)
				AfterProcessingInitializeOnLoad (3ms)
				EditorAssembliesLoaded (0ms)
			ExecutionOrderSort2 (0ms)
			AwakeInstancesAfterBackupRestoration (5ms)
Platform modules already initialized, skipping
========================================================================
Worker process is ready to serve import requests
Launched and connected shader compiler UnityShaderCompiler.exe after 0.04 seconds
Refreshing native plugins compatible for Editor in 0.65 ms, found 3 plugins.
Preloading 0 native plugins for Editor in 0.00 ms.
Unloading 3450 Unused Serialized files (Serialized files now loaded: 0)
Unloading 28 unused Assets / (113.8 KB). Loaded Objects now: 3917.
Memory consumption went from 195.0 MB to 194.9 MB.
Total: 3.625300 ms (FindLiveObjects: 0.275800 ms CreateObjectMapping: 0.295700 ms MarkObjects: 2.913700 ms  DeleteObjects: 0.138700 ms)

AssetImportParameters requested are different than current active one (requested -> active):
  custom:video-decoder-ogg-theora: a1e56fd34408186e4bbccfd4996cb3dc -> 
  custom:container-muxer-webm: aa71ff27fc2769a1b78a27578f13a17b -> 
  custom:container-demuxer-webm: 4f35f7cbe854078d1ac9338744f61a02 -> 
  custom:video-encoder-webm-vp8: eb34c28f22e8b96e1ab97ce403110664 -> 
  custom:audio-encoder-webm-vorbis: bf7c407c2cedff20999df2af8eb42d56 -> 
  custom:framework-win-MediaFoundation: 216162199b28c13a410421893ffa2e32 -> 
  custom:container-demuxer-ogg: 62fdf1f143b41e24485cea50d1cbac27 -> 
  custom:video-decoder-webm-vp8: 9c59270c3fd7afecdb556c50c9e8de78 -> 
  custom:audio-decoder-ogg-vorbis: bf7c407c2cedff20999df2af8eb42d56 -> 
========================================================================
Received Import Request.
  Time since last request: 94957.612414 seconds.
  path: Assets/Free Racing Car Blue Variant.prefab
  artifactKey: Guid(3d01473dda908b047815d8077cdc6202) Importer(815301076,1909f56bfc062723c751e8b465ee728b)
Start importing Assets/Free Racing Car Blue Variant.prefab using Guid(3d01473dda908b047815d8077cdc6202) Importer(815301076,1909f56bfc062723c751e8b465ee728b)  -> (artifact id: '347965875b007962511ed86426620ff6') in 0.136496 seconds 
========================================================================
Received Import Request.
  Time since last request: 0.000016 seconds.
  path: Assets/SceneTransition.prefab
  artifactKey: Guid(d3b1944f544d18c4fa621dce4a4bbe14) Importer(815301076,1909f56bfc062723c751e8b465ee728b)
Start importing Assets/SceneTransition.prefab using Guid(d3b1944f544d18c4fa621dce4a4bbe14) Importer(815301076,1909f56bfc062723c751e8b465ee728b)  -> (artifact id: '1a809c7ff5330ed8e5bd05d529ca67b8') in 0.048644 seconds 
========================================================================
Received Import Request.
  Time since last request: 0.000021 seconds.
  path: Assets/MainMenu Music.wav
  artifactKey: Guid(d1259ec098a43e645a2e86f7e25dd33b) Importer(815301076,1909f56bfc062723c751e8b465ee728b)
Start importing Assets/MainMenu Music.wav using Guid(d1259ec098a43e645a2e86f7e25dd33b) Importer(815301076,1909f56bfc062723c751e8b465ee728b)  -> (artifact id: '3dc130f1c1045f2526fee6da1065ba0b') in 0.022404 seconds 
========================================================================
Received Import Request.
  Time since last request: 0.000016 seconds.
  path: Assets/LightToggle.prefab
  artifactKey: Guid(42221ddb27f36514a982dd8ec3bf2878) Importer(815301076,1909f56bfc062723c751e8b465ee728b)
Start importing Assets/LightToggle.prefab using Guid(42221ddb27f36514a982dd8ec3bf2878) Importer(815301076,1909f56bfc062723c751e8b465ee728b)  -> (artifact id: 'fb0763eaf7bf36f15a0cd3dcee40836b') in 0.010132 seconds 
========================================================================
Received Import Request.
  Time since last request: 8.853066 seconds.
  path: Assets/Scenes/settings.prefab
  artifactKey: Guid(5e40acf06d8c3a448ab195632b863fae) Importer(815301076,1909f56bfc062723c751e8b465ee728b)
Start importing Assets/Scenes/settings.prefab using Guid(5e40acf06d8c3a448ab195632b863fae) Importer(815301076,1909f56bfc062723c751e8b465ee728b)  -> (artifact id: '3aaec5f3d0e9352cf4288aed78bc3be8') in 0.034727 seconds 
========================================================================
Received Import Request.
  Time since last request: 5853.762303 seconds.
  path: Assets/Meshes/Cars.fbx
  artifactKey: Guid(bf1a7c19d31d0c64b996dce037c773c7) Importer(815301076,1909f56bfc062723c751e8b465ee728b)
Start importing Assets/Meshes/Cars.fbx using Guid(bf1a7c19d31d0c64b996dce037c773c7) Importer(815301076,1909f56bfc062723c751e8b465ee728b)  -> (artifact id: '34f45135f15a08b3ca7d79a3a266775a') in 0.090421 seconds 
========================================================================
Received Import Request.
  Time since last request: 0.000016 seconds.
  path: Assets/Meshes/Stones.fbx
  artifactKey: Guid(440cd22691c10cb42a498eeee95a5a7a) Importer(815301076,1909f56bfc062723c751e8b465ee728b)
Start importing Assets/Meshes/Stones.fbx using Guid(440cd22691c10cb42a498eeee95a5a7a) Importer(815301076,1909f56bfc062723c751e8b465ee728b)  -> (artifact id: '6af895084859094012ea03a4882a8c78') in 0.026786 seconds 
========================================================================
Received Import Request.
  Time since last request: 0.000021 seconds.
  path: Assets/Meshes/Track.fbx
  artifactKey: Guid(d992b00d99eb68f4dbc551392b049ca2) Importer(815301076,1909f56bfc062723c751e8b465ee728b)
Start importing Assets/Meshes/Track.fbx using Guid(d992b00d99eb68f4dbc551392b049ca2) Importer(815301076,1909f56bfc062723c751e8b465ee728b)  -> (artifact id: 'df732cd8b7150c8507521658b5fe309b') in 0.015822 seconds 
========================================================================
Received Import Request.
  Time since last request: 0.000016 seconds.
  path: Assets/Meshes/trackRebuild.fbx
  artifactKey: Guid(ebcc868867502964ba3a92ba32b2f8b8) Importer(815301076,1909f56bfc062723c751e8b465ee728b)
Start importing Assets/Meshes/trackRebuild.fbx using Guid(ebcc868867502964ba3a92ba32b2f8b8) Importer(815301076,1909f56bfc062723c751e8b465ee728b)  -> (artifact id: 'd22af8c84417c00ef548ffa6653f1d6e') in 0.015541 seconds 
========================================================================
Received Import Request.
  Time since last request: 0.000014 seconds.
  path: Assets/Meshes/Tire.fbx
  artifactKey: Guid(0917d7e3948afd640bd919e606abb8e5) Importer(815301076,1909f56bfc062723c751e8b465ee728b)
Start importing Assets/Meshes/Tire.fbx using Guid(0917d7e3948afd640bd919e606abb8e5) Importer(815301076,1909f56bfc062723c751e8b465ee728b)  -> (artifact id: '29db7dede1486bdbb16c8cb53e4f8a2f') in 0.023609 seconds 
========================================================================
Received Import Request.
  Time since last request: 0.000018 seconds.
  path: Assets/Meshes/Trace.fbx
  artifactKey: Guid(309bbbe2d401d1544b027d7ad9df30f8) Importer(815301076,1909f56bfc062723c751e8b465ee728b)
Start importing Assets/Meshes/Trace.fbx using Guid(309bbbe2d401d1544b027d7ad9df30f8) Importer(815301076,1909f56bfc062723c751e8b465ee728b)  -> (artifact id: '9695bc518d9955f98059a05019529ed7') in 0.027408 seconds 
========================================================================
Received Import Request.
  Time since last request: 0.000013 seconds.
  path: Assets/Meshes/SignSlowVehicles.fbx
  artifactKey: Guid(388e6fc814508054291e65c06952cd03) Importer(815301076,1909f56bfc062723c751e8b465ee728b)
Start importing Assets/Meshes/SignSlowVehicles.fbx using Guid(388e6fc814508054291e65c06952cd03) Importer(815301076,1909f56bfc062723c751e8b465ee728b)  -> (artifact id: 'fe69adcefa83e7506bb1b2392c35740d') in 0.013889 seconds 
========================================================================
Received Import Request.
  Time since last request: 0.000021 seconds.
  path: Assets/Meshes/Trees.fbx
  artifactKey: Guid(c251b4c1d507ca247a5c3e2aa2fb6655) Importer(815301076,1909f56bfc062723c751e8b465ee728b)
Start importing Assets/Meshes/Trees.fbx using Guid(c251b4c1d507ca247a5c3e2aa2fb6655) Importer(815301076,1909f56bfc062723c751e8b465ee728b)  -> (artifact id: '66dad8005d2dd1e895e92034b56d0f1d') in 0.032255 seconds 
========================================================================
Received Import Request.
  Time since last request: 0.000021 seconds.
  path: Assets/Meshes/Ground.fbx
  artifactKey: Guid(6ed7f13ebfeaa284aa3a390ca59dadad) Importer(815301076,1909f56bfc062723c751e8b465ee728b)
Start importing Assets/Meshes/Ground.fbx using Guid(6ed7f13ebfeaa284aa3a390ca59dadad) Importer(815301076,1909f56bfc062723c751e8b465ee728b)  -> (artifact id: '6af356f8b934caaca19ae15503bf4b56') in 0.016572 seconds 
========================================================================
Received Import Request.
  Time since last request: 0.000017 seconds.
  path: Assets/Meshes/FlagCheckPoint.fbx
  artifactKey: Guid(d0867fc58f4509047baf2ba1e56ac57b) Importer(815301076,1909f56bfc062723c751e8b465ee728b)
Start importing Assets/Meshes/FlagCheckPoint.fbx using Guid(d0867fc58f4509047baf2ba1e56ac57b) Importer(815301076,1909f56bfc062723c751e8b465ee728b)  -> (artifact id: 'dd6f59cb3d4642fcbd82705ce8928e2f') in 0.032340 seconds 
========================================================================
Received Import Request.
  Time since last request: 0.000025 seconds.
  path: Assets/Meshes/Dirt.fbx
  artifactKey: Guid(57ed76457d7b6d544a35e5155a60ef63) Importer(815301076,1909f56bfc062723c751e8b465ee728b)
Start importing Assets/Meshes/Dirt.fbx using Guid(57ed76457d7b6d544a35e5155a60ef63) Importer(815301076,1909f56bfc062723c751e8b465ee728b)  -> (artifact id: 'a04a2204a5f5cff9ff47e868c8683efe') in 0.014902 seconds 
========================================================================
Received Import Request.
  Time since last request: 0.000024 seconds.
  path: Assets/Meshes/Wheel.fbx
  artifactKey: Guid(e94d277db93ace549984ffb82dd21f20) Importer(815301076,1909f56bfc062723c751e8b465ee728b)
Start importing Assets/Meshes/Wheel.fbx using Guid(e94d277db93ace549984ffb82dd21f20) Importer(815301076,1909f56bfc062723c751e8b465ee728b)  -> (artifact id: '631be8bd320514a1d048a647c0b3ca53') in 0.017066 seconds 
========================================================================
Received Import Request.
  Time since last request: 0.000023 seconds.
  path: Assets/Meshes/Fence.fbx
  artifactKey: Guid(01a13eea3721130429823f2234f13d90) Importer(815301076,1909f56bfc062723c751e8b465ee728b)
Start importing Assets/Meshes/Fence.fbx using Guid(01a13eea3721130429823f2234f13d90) Importer(815301076,1909f56bfc062723c751e8b465ee728b)  -> (artifact id: 'e4185921f93eddfdb5f1b7c0f9000b8b') in 0.022180 seconds 
========================================================================
Received Import Request.
  Time since last request: 11.477539 seconds.
  path: Assets/Scenes
  artifactKey: Guid(6ea315d0fd7389c41b19996891e99ae3) Importer(815301076,1909f56bfc062723c751e8b465ee728b)
Start importing Assets/Scenes using Guid(6ea315d0fd7389c41b19996891e99ae3) Importer(815301076,1909f56bfc062723c751e8b465ee728b)  -> (artifact id: 'bc172811d573b296104adb4d2728db37') in 0.007012 seconds 
========================================================================
Received Import Request.
  Time since last request: 1.410969 seconds.
  path: Assets/Scenes/Game.unity
  artifactKey: Guid(9fc0d4010bbf28b4594072e72b8655ab) Importer(815301076,1909f56bfc062723c751e8b465ee728b)
Start importing Assets/Scenes/Game.unity using Guid(9fc0d4010bbf28b4594072e72b8655ab) Importer(815301076,1909f56bfc062723c751e8b465ee728b)  -> (artifact id: '196c405c417a6b8afc0f8ec914ceaea0') in 0.007536 seconds 
